WARNING: running xinput against an Xwayland server. See the xinput man page for details.
⎡ Virtual core pointer                    	id=2	[master pointer  (3)]
⎜   ↳ Virtual core XTEST pointer              	id=4	[slave  pointer  (2)]
⎜   ↳ xwayland-pointer:10                     	id=6	[slave  pointer  (2)]
⎜   ↳ xwayland-relative-pointer:10            	id=7	[slave  pointer  (2)]
⎜   ↳ xwayland-pointer-gestures:10            	id=8	[slave  pointer  (2)]
⎜   ↳ xwayland-tablet stylus:10               	id=10	[slave  pointer  (2)]
⎜   ↳ xwayland-tablet eraser:10               	id=11	[slave  pointer  (2)]
⎜   ↳ xwayland-tablet cursor:10               	id=12	[slave  pointer  (2)]
⎜   ↳ xwayland-tablet-pad:10                  	id=13	[slave  pointer  (2)]
⎜   ↳ xwayland-touch:10                       	id=14	[slave  pointer  (2)]
⎣ Virtual core keyboard                   	id=3	[master keyboard (2)]
    ↳ Virtual core XTEST keyboard             	id=5	[slave  keyboard (3)]
    ↳ xwayland-keyboard:10                    	id=9	[slave  keyboard (3)]
EVENT type 13 (RawKeyPress)
    device: 3 (9)
    time:   6082925
    detail: 75
    valuators:

EVENT type 2 (KeyPress)
    device: 9 (9)
    time: 6082925
    detail: 75
    flags: 
    root: 623.00/1053.00
    event: 623.00/1053.00
    buttons:
    modifiers: locked 0 latched 0 base 0 effective: 0
    group: locked 0 latched 0 base 0 effective: 0
    valuators:
    windows: root 0x37b event 0x37b child 0x0
EVENT type 14 (RawKeyRelease)
    device: 3 (9)
    time:   6083064
    detail: 75
    valuators:

EVENT type 3 (KeyRelease)
    device: 9 (9)
    time: 6083064
    detail: 75
    flags: 
    root: 623.00/1053.00
    event: 623.00/1053.00
    buttons:
    modifiers: locked 0 latched 0 base 0 effective: 0
    group: locked 0 latched 0 base 0 effective: 0
    valuators:
    windows: root 0x37b event 0x37b child 0x0
EVENT type 13 (RawKeyPress)
    device: 3 (9)
    time:   6083887
    detail: 75
    valuators:

EVENT type 2 (KeyPress)
    device: 9 (9)
    time: 6083887
    detail: 75
    flags: 
    root: 623.00/1053.00
    event: 623.00/1053.00
    buttons:
    modifiers: locked 0 latched 0 base 0 effective: 0
    group: locked 0 latched 0 base 0 effective: 0
    valuators:
    windows: root 0x37b event 0x37b child 0x0
EVENT type 14 (RawKeyRelease)
    device: 3 (9)
    time:   6084063
    detail: 75
    valuators:

EVENT type 3 (KeyRelease)
    device: 9 (9)
    time: 6084063
    detail: 75
    flags: 
    root: 623.00/1053.00
    event: 623.00/1053.00
    buttons:
    modifiers: locked 0 latched 0 base 0 effective: 0
    group: locked 0 latched 0 base 0 effective: 0
    valuators:
    windows: root 0x37b event 0x37b child 0x0
EVENT type 13 (RawKeyPress)
    device: 3 (9)
    time:   6084897
    detail: 75
    valuators:

EVENT type 2 (KeyPress)
    device: 9 (9)
    time: 6084897
    detail: 75
    flags: 
    root: 623.00/1053.00
    event: 623.00/1053.00
    buttons:
    modifiers: locked 0 latched 0 base 0 effective: 0
    group: locked 0 latched 0 base 0 effective: 0
    valuators:
    windows: root 0x37b event 0x37b child 0x0
EVENT type 14 (RawKeyRelease)
    device: 3 (9)
    time:   6085040
    detail: 75
    valuators:

EVENT type 3 (KeyRelease)
    device: 9 (9)
    time: 6085040
    detail: 75
    flags: 
    root: 623.00/1053.00
    event: 623.00/1053.00
    buttons:
    modifiers: locked 0 latched 0 base 0 effective: 0
    group: locked 0 latched 0 base 0 effective: 0
    valuators:
    windows: root 0x37b event 0x37b child 0x0
EVENT type 13 (RawKeyPress)
    device: 3 (9)
    time:   6085917
    detail: 75
    valuators:

EVENT type 2 (KeyPress)
    device: 9 (9)
    time: 6085917
    detail: 75
    flags: 
    root: 623.00/1053.00
    event: 623.00/1053.00
    buttons:
    modifiers: locked 0 latched 0 base 0 effective: 0
    group: locked 0 latched 0 base 0 effective: 0
    valuators:
    windows: root 0x37b event 0x37b child 0x0
EVENT type 14 (RawKeyRelease)
    device: 3 (9)
    time:   6086081
    detail: 75
    valuators:

EVENT type 3 (KeyRelease)
    device: 9 (9)
    time: 6086081
    detail: 75
    flags: 
    root: 623.00/1053.00
    event: 623.00/1053.00
    buttons:
    modifiers: locked 0 latched 0 base 0 effective: 0
    group: locked 0 latched 0 base 0 effective: 0
    valuators:
    windows: root 0x37b event 0x37b child 0x0
EVENT type 13 (RawKeyPress)
    device: 3 (9)
    time:   6086838
    detail: 75
    valuators:

EVENT type 2 (KeyPress)
    device: 9 (9)
    time: 6086838
    detail: 75
    flags: 
    root: 623.00/1053.00
    event: 623.00/1053.00
    buttons:
    modifiers: locked 0 latched 0 base 0 effective: 0
    group: locked 0 latched 0 base 0 effective: 0
    valuators:
    windows: root 0x37b event 0x37b child 0x0
EVENT type 14 (RawKeyRelease)
    device: 3 (9)
    time:   6086986
    detail: 75
    valuators:

EVENT type 3 (KeyRelease)
    device: 9 (9)
    time: 6086986
    detail: 75
    flags: 
    root: 623.00/1053.00
    event: 623.00/1053.00
    buttons:
    modifiers: locked 0 latched 0 base 0 effective: 0
    group: locked 0 latched 0 base 0 effective: 0
    valuators:
    windows: root 0x37b event 0x37b child 0x0
EVENT type 13 (RawKeyPress)
    device: 3 (9)
    time:   6118736
    detail: 75
    valuators:

EVENT type 2 (KeyPress)
    device: 9 (9)
    time: 6118736
    detail: 75
    flags: 
    root: 623.00/1053.00
    event: 623.00/1053.00
    buttons:
    modifiers: locked 0 latched 0 base 0 effective: 0
    group: locked 0 latched 0 base 0 effective: 0
    valuators:
    windows: root 0x37b event 0x37b child 0x0
EVENT type 14 (RawKeyRelease)
    device: 3 (9)
    time:   6118895
    detail: 75
    valuators:

EVENT type 3 (KeyRelease)
    device: 9 (9)
    time: 6118895
    detail: 75
    flags: 
    root: 623.00/1053.00
    event: 623.00/1053.00
    buttons:
    modifiers: locked 0 latched 0 base 0 effective: 0
    group: locked 0 latched 0 base 0 effective: 0
    valuators:
    windows: root 0x37b event 0x37b child 0x0
EVENT type 13 (RawKeyPress)
    device: 3 (9)
    time:   6119788
    detail: 75
    valuators:

EVENT type 2 (KeyPress)
    device: 9 (9)
    time: 6119788
    detail: 75
    flags: 
    root: 623.00/1053.00
    event: 623.00/1053.00
    buttons:
    modifiers: locked 0 latched 0 base 0 effective: 0
    group: locked 0 latched 0 base 0 effective: 0
    valuators:
    windows: root 0x37b event 0x37b child 0x0
EVENT type 14 (RawKeyRelease)
    device: 3 (9)
    time:   6119995
    detail: 75
    valuators:

EVENT type 3 (KeyRelease)
    device: 9 (9)
    time: 6119995
    detail: 75
    flags: 
    root: 623.00/1053.00
    event: 623.00/1053.00
    buttons:
    modifiers: locked 0 latched 0 base 0 effective: 0
    group: locked 0 latched 0 base 0 effective: 0
    valuators:
    windows: root 0x37b event 0x37b child 0x0
EVENT type 13 (RawKeyPress)
    device: 3 (9)
    time:   6120980
    detail: 75
    valuators:

EVENT type 2 (KeyPress)
    device: 9 (9)
    time: 6120980
    detail: 75
    flags: 
    root: 623.00/1053.00
    event: 623.00/1053.00
    buttons:
    modifiers: locked 0 latched 0 base 0 effective: 0
    group: locked 0 latched 0 base 0 effective: 0
    valuators:
    windows: root 0x37b event 0x37b child 0x0
EVENT type 14 (RawKeyRelease)
    device: 3 (9)
    time:   6121194
    detail: 75
    valuators:

EVENT type 3 (KeyRelease)
    device: 9 (9)
    time: 6121194
    detail: 75
    flags: 
    root: 623.00/1053.00
    event: 623.00/1053.00
    buttons:
    modifiers: locked 0 latched 0 base 0 effective: 0
    group: locked 0 latched 0 base 0 effective: 0
    valuators:
    windows: root 0x37b event 0x37b child 0x0
EVENT type 13 (RawKeyPress)
    device: 3 (9)
    time:   6121880
    detail: 75
    valuators:

EVENT type 2 (KeyPress)
    device: 9 (9)
    time: 6121880
    detail: 75
    flags: 
    root: 623.00/1053.00
    event: 623.00/1053.00
    buttons:
    modifiers: locked 0 latched 0 base 0 effective: 0
    group: locked 0 latched 0 base 0 effective: 0
    valuators:
    windows: root 0x37b event 0x37b child 0x0
EVENT type 14 (RawKeyRelease)
    device: 3 (9)
    time:   6122060
    detail: 75
    valuators:

EVENT type 3 (KeyRelease)
    device: 9 (9)
    time: 6122060
    detail: 75
    flags: 
    root: 623.00/1053.00
    event: 623.00/1053.00
    buttons:
    modifiers: locked 0 latched 0 base 0 effective: 0
    group: locked 0 latched 0 base 0 effective: 0
    valuators:
    windows: root 0x37b event 0x37b child 0x0
EVENT type 13 (RawKeyPress)
    device: 3 (9)
    time:   6122891
    detail: 75
    valuators:

EVENT type 2 (KeyPress)
    device: 9 (9)
    time: 6122891
    detail: 75
    flags: 
    root: 623.00/1053.00
    event: 623.00/1053.00
    buttons:
    modifiers: locked 0 latched 0 base 0 effective: 0
    group: locked 0 latched 0 base 0 effective: 0
    valuators:
    windows: root 0x37b event 0x37b child 0x0
EVENT type 14 (RawKeyRelease)
    device: 3 (9)
    time:   6123103
    detail: 75
    valuators:

EVENT type 3 (KeyRelease)
    device: 9 (9)
    time: 6123103
    detail: 75
    flags: 
    root: 623.00/1053.00
    event: 623.00/1053.00
    buttons:
    modifiers: locked 0 latched 0 base 0 effective: 0
    group: locked 0 latched 0 base 0 effective: 0
    valuators:
    windows: root 0x37b event 0x37b child 0x0
EVENT type 13 (RawKeyPress)
    device: 3 (9)
    time:   6123975
    detail: 75
    valuators:

EVENT type 2 (KeyPress)
    device: 9 (9)
    time: 6123975
    detail: 75
    flags: 
    root: 623.00/1053.00
    event: 623.00/1053.00
    buttons:
    modifiers: locked 0 latched 0 base 0 effective: 0
    group: locked 0 latched 0 base 0 effective: 0
    valuators:
    windows: root 0x37b event 0x37b child 0x0
EVENT type 14 (RawKeyRelease)
    device: 3 (9)
    time:   6124167
    detail: 75
    valuators:

EVENT type 3 (KeyRelease)
    device: 9 (9)
    time: 6124167
    detail: 75
    flags: 
    root: 623.00/1053.00
    event: 623.00/1053.00
    buttons:
    modifiers: locked 0 latched 0 base 0 effective: 0
    group: locked 0 latched 0 base 0 effective: 0
    valuators:
    windows: root 0x37b event 0x37b child 0x0
EVENT type 13 (RawKeyPress)
    device: 3 (9)
    time:   6125816
    detail: 39
    valuators:

EVENT type 2 (KeyPress)
    device: 9 (9)
    time: 6125816
    detail: 39
    flags: 
    root: 623.00/1053.00
    event: 623.00/1053.00
    buttons:
    modifiers: locked 0 latched 0 base 0 effective: 0
    group: locked 0 latched 0 base 0 effective: 0
    valuators:
    windows: root 0x37b event 0x37b child 0x0
EVENT type 13 (RawKeyPress)
    device: 3 (9)
    time:   6126009
    detail: 32
    valuators:

EVENT type 2 (KeyPress)
    device: 9 (9)
    time: 6126009
    detail: 32
    flags: 
    root: 623.00/1053.00
    event: 623.00/1053.00
    buttons:
    modifiers: locked 0 latched 0 base 0 effective: 0
    group: locked 0 latched 0 base 0 effective: 0
    valuators:
    windows: root 0x37b event 0x37b child 0x0
EVENT type 14 (RawKeyRelease)
    device: 3 (9)
    time:   6126014
    detail: 39
    valuators:

EVENT type 3 (KeyRelease)
    device: 9 (9)
    time: 6126014
    detail: 39
    flags: 
    root: 623.00/1053.00
    event: 623.00/1053.00
    buttons:
    modifiers: locked 0 latched 0 base 0 effective: 0
    group: locked 0 latched 0 base 0 effective: 0
    valuators:
    windows: root 0x37b event 0x37b child 0x0
EVENT type 13 (RawKeyPress)
    device: 3 (9)
    time:   6126107
    detail: 57
    valuators:

EVENT type 2 (KeyPress)
    device: 9 (9)
    time: 6126107
    detail: 57
    flags: 
    root: 623.00/1053.00
    event: 623.00/1053.00
    buttons:
    modifiers: locked 0 latched 0 base 0 effective: 0
    group: locked 0 latched 0 base 0 effective: 0
    valuators:
    windows: root 0x37b event 0x37b child 0x0
EVENT type 14 (RawKeyRelease)
    device: 3 (9)
    time:   6126177
    detail: 32
    valuators:

EVENT type 3 (KeyRelease)
    device: 9 (9)
    time: 6126177
    detail: 32
    flags: 
    root: 623.00/1053.00
    event: 623.00/1053.00
    buttons:
    modifiers: locked 0 latched 0 base 0 effective: 0
    group: locked 0 latched 0 base 0 effective: 0
    valuators:
    windows: root 0x37b event 0x37b child 0x0
EVENT type 13 (RawKeyPress)
    device: 3 (9)
    time:   6126209
    detail: 25
    valuators:

EVENT type 2 (KeyPress)
    device: 9 (9)
    time: 6126209
    detail: 25
    flags: 
    root: 623.00/1053.00
    event: 623.00/1053.00
    buttons:
    modifiers: locked 0 latched 0 base 0 effective: 0
    group: locked 0 latched 0 base 0 effective: 0
    valuators:
    windows: root 0x37b event 0x37b child 0x0
EVENT type 14 (RawKeyRelease)
    device: 3 (9)
    time:   6126237
    detail: 57
    valuators:

EVENT type 3 (KeyRelease)
    device: 9 (9)
    time: 6126237
    detail: 57
    flags: 
    root: 623.00/1053.00
    event: 623.00/1053.00
    buttons:
    modifiers: locked 0 latched 0 base 0 effective: 0
    group: locked 0 latched 0 base 0 effective: 0
    valuators:
    windows: root 0x37b event 0x37b child 0x0
EVENT type 14 (RawKeyRelease)
    device: 3 (9)
    time:   6126329
    detail: 25
    valuators:

EVENT type 3 (KeyRelease)
    device: 9 (9)
    time: 6126329
    detail: 25
    flags: 
    root: 623.00/1053.00
    event: 623.00/1053.00
    buttons:
    modifiers: locked 0 latched 0 base 0 effective: 0
    group: locked 0 latched 0 base 0 effective: 0
    valuators:
    windows: root 0x37b event 0x37b child 0x0
EVENT type 13 (RawKeyPress)
    device: 3 (9)
    time:   6126355
    detail: 36
    valuators:

EVENT type 2 (KeyPress)
    device: 9 (9)
    time: 6126355
    detail: 36
    flags: 
    root: 623.00/1053.00
    event: 623.00/1053.00
    buttons:
    modifiers: locked 0 latched 0 base 0 effective: 0
    group: locked 0 latched 0 base 0 effective: 0
    valuators:
    windows: root 0x37b event 0x37b child 0x0
EVENT type 14 (RawKeyRelease)
    device: 3 (9)
    time:   6126447
    detail: 36
    valuators:

EVENT type 3 (KeyRelease)
    device: 9 (9)
    time: 6126447
    detail: 36
    flags: 
    root: 623.00/1053.00
    event: 623.00/1053.00
    buttons:
    modifiers: locked 0 latched 0 base 0 effective: 0
    group: locked 0 latched 0 base 0 effective: 0
    valuators:
    windows: root 0x37b event 0x37b child 0x0
EVENT type 13 (RawKeyPress)
    device: 3 (9)
    time:   6127185
    detail: 40
    valuators:

EVENT type 2 (KeyPress)
    device: 9 (9)
    time: 6127185
    detail: 40
    flags: 
    root: 623.00/1053.00
    event: 623.00/1053.00
    buttons:
    modifiers: locked 0 latched 0 base 0 effective: 0
    group: locked 0 latched 0 base 0 effective: 0
    valuators:
    windows: root 0x37b event 0x37b child 0x0
EVENT type 14 (RawKeyRelease)
    device: 3 (9)
    time:   6127307
    detail: 40
    valuators:

EVENT type 3 (KeyRelease)
    device: 9 (9)
    time: 6127307
    detail: 40
    flags: 
    root: 623.00/1053.00
    event: 623.00/1053.00
    buttons:
    modifiers: locked 0 latched 0 base 0 effective: 0
    group: locked 0 latched 0 base 0 effective: 0
    valuators:
    windows: root 0x37b event 0x37b child 0x0
EVENT type 13 (RawKeyPress)
    device: 3 (9)
    time:   6127366
    detail: 32
    valuators:

EVENT type 2 (KeyPress)
    device: 9 (9)
    time: 6127366
    detail: 32
    flags: 
    root: 623.00/1053.00
    event: 623.00/1053.00
    buttons:
    modifiers: locked 0 latched 0 base 0 effective: 0
    group: locked 0 latched 0 base 0 effective: 0
    valuators:
    windows: root 0x37b event 0x37b child 0x0
EVENT type 13 (RawKeyPress)
    device: 3 (9)
    time:   6127421
    detail: 57
    valuators:

EVENT type 2 (KeyPress)
    device: 9 (9)
    time: 6127421
    detail: 57
    flags: 
    root: 623.00/1053.00
    event: 623.00/1053.00
    buttons:
    modifiers: locked 0 latched 0 base 0 effective: 0
    group: locked 0 latched 0 base 0 effective: 0
    valuators:
    windows: root 0x37b event 0x37b child 0x0
EVENT type 14 (RawKeyRelease)
    device: 3 (9)
    time:   6127499
    detail: 32
    valuators:

EVENT type 3 (KeyRelease)
    device: 9 (9)
    time: 6127499
    detail: 32
    flags: 
    root: 623.00/1053.00
    event: 623.00/1053.00
    buttons:
    modifiers: locked 0 latched 0 base 0 effective: 0
    group: locked 0 latched 0 base 0 effective: 0
    valuators:
    windows: root 0x37b event 0x37b child 0x0
EVENT type 13 (RawKeyPress)
    device: 3 (9)
    time:   6127551
    detail: 26
    valuators:

EVENT type 2 (KeyPress)
    device: 9 (9)
    time: 6127551
    detail: 26
    flags: 
    root: 623.00/1053.00
    event: 623.00/1053.00
    buttons:
    modifiers: locked 0 latched 0 base 0 effective: 0
    group: locked 0 latched 0 base 0 effective: 0
    valuators:
    windows: root 0x37b event 0x37b child 0x0
EVENT type 14 (RawKeyRelease)
    device: 3 (9)
    time:   6127556
    detail: 57
    valuators:

EVENT type 3 (KeyRelease)
    device: 9 (9)
    time: 6127556
    detail: 57
    flags: 
    root: 623.00/1053.00
    event: 623.00/1053.00
    buttons:
    modifiers: locked 0 latched 0 base 0 effective: 0
    group: locked 0 latched 0 base 0 effective: 0
    valuators:
    windows: root 0x37b event 0x37b child 0x0
EVENT type 14 (RawKeyRelease)
    device: 3 (9)
    time:   6127618
    detail: 26
    valuators:

EVENT type 3 (KeyRelease)
    device: 9 (9)
    time: 6127618
    detail: 26
    flags: 
    root: 623.00/1053.00
    event: 623.00/1053.00
    buttons:
    modifiers: locked 0 latched 0 base 0 effective: 0
    group: locked 0 latched 0 base 0 effective: 0
    valuators:
    windows: root 0x37b event 0x37b child 0x0
EVENT type 13 (RawKeyPress)
    device: 3 (9)
    time:   6127952
    detail: 36
    valuators:

EVENT type 2 (KeyPress)
    device: 9 (9)
    time: 6127952
    detail: 36
    flags: 
    root: 623.00/1053.00
    event: 623.00/1053.00
    buttons:
    modifiers: locked 0 latched 0 base 0 effective: 0
    group: locked 0 latched 0 base 0 effective: 0
    valuators:
    windows: root 0x37b event 0x37b child 0x0
EVENT type 14 (RawKeyRelease)
    device: 3 (9)
    time:   6128068
    detail: 36
    valuators:

EVENT type 3 (KeyRelease)
    device: 9 (9)
    time: 6128068
    detail: 36
    flags: 
    root: 623.00/1053.00
    event: 623.00/1053.00
    buttons:
    modifiers: locked 0 latched 0 base 0 effective: 0
    group: locked 0 latched 0 base 0 effective: 0
    valuators:
    windows: root 0x37b event 0x37b child 0x0
